1736348369.145900 client started (63407): version 3.4, socket /tmp/tmux-1000/default, protocol 8
1736348369.145996 on Linux 6.8.0-51-generic #52-Ubuntu SMP PREEMPT_DYNAMIC Thu Dec  5 13:09:44 UTC 2024
1736348369.146010 using libevent 2.1.12-stable poll
1736348369.146026 using ncurses 6.4 20240113
1736348369.146065 flags are 0x10010000
1736348369.146105 socket is /tmp/tmux-1000/default
1736348369.146151 trying connect
1736348369.169714 add peer 0x5b73f8ce4030: 6 ((nil))
1736348369.170377 sending message 100 to peer 0x5b73f8ce4030 (4 bytes)
1736348369.170402 sending message 111 to peer 0x5b73f8ce4030 (8 bytes)
1736348369.170418 sending message 101 to peer 0x5b73f8ce4030 (14 bytes)
1736348369.170432 sending message 109 to peer 0x5b73f8ce4030 (4 bytes)
1736348369.170447 sending message 102 to peer 0x5b73f8ce4030 (11 bytes)
1736348369.170460 sending message 108 to peer 0x5b73f8ce4030 (34 bytes)
1736348369.170475 sending message 112 to peer 0x5b73f8ce4030 (70 bytes)
1736348369.170490 sending message 112 to peer 0x5b73f8ce4030 (5 bytes)
1736348369.170531 sending message 112 to peer 0x5b73f8ce4030 (5 bytes)
1736348369.170556 sending message 112 to peer 0x5b73f8ce4030 (6 bytes)
1736348369.170571 sending message 112 to peer 0x5b73f8ce4030 (6 bytes)
1736348369.170585 sending message 112 to peer 0x5b73f8ce4030 (11 bytes)
1736348369.170598 sending message 112 to peer 0x5b73f8ce4030 (10 bytes)
1736348369.170611 sending message 112 to peer 0x5b73f8ce4030 (13 bytes)
1736348369.170625 sending message 112 to peer 0x5b73f8ce4030 (13 bytes)
1736348369.170638 sending message 112 to peer 0x5b73f8ce4030 (18 bytes)
1736348369.170651 sending message 112 to peer 0x5b73f8ce4030 (11 bytes)
1736348369.170664 sending message 112 to peer 0x5b73f8ce4030 (10 bytes)
1736348369.170678 sending message 112 to peer 0x5b73f8ce4030 (15 bytes)
1736348369.170692 sending message 112 to peer 0x5b73f8ce4030 (21 bytes)
1736348369.170706 sending message 112 to peer 0x5b73f8ce4030 (13 bytes)
1736348369.170720 sending message 112 to peer 0x5b73f8ce4030 (7 bytes)
1736348369.170735 sending message 112 to peer 0x5b73f8ce4030 (13 bytes)
1736348369.170749 sending message 112 to peer 0x5b73f8ce4030 (7 bytes)
1736348369.170763 sending message 112 to peer 0x5b73f8ce4030 (13 bytes)
1736348369.170777 sending message 112 to peer 0x5b73f8ce4030 (9 bytes)
1736348369.170791 sending message 112 to peer 0x5b73f8ce4030 (21 bytes)
1736348369.170805 sending message 112 to peer 0x5b73f8ce4030 (13 bytes)
1736348369.170819 sending message 112 to peer 0x5b73f8ce4030 (8 bytes)
1736348369.170833 sending message 112 to peer 0x5b73f8ce4030 (12 bytes)
1736348369.170847 sending message 112 to peer 0x5b73f8ce4030 (13 bytes)
1736348369.170862 sending message 112 to peer 0x5b73f8ce4030 (9 bytes)
1736348369.170876 sending message 112 to peer 0x5b73f8ce4030 (9 bytes)
1736348369.170888 sending message 112 to peer 0x5b73f8ce4030 (12 bytes)
1736348369.170901 sending message 112 to peer 0x5b73f8ce4030 (8 bytes)
1736348369.170913 sending message 112 to peer 0x5b73f8ce4030 (8 bytes)
1736348369.170926 sending message 112 to peer 0x5b73f8ce4030 (7 bytes)
1736348369.170938 sending message 112 to peer 0x5b73f8ce4030 (7 bytes)
1736348369.170952 sending message 112 to peer 0x5b73f8ce4030 (9 bytes)
1736348369.170967 sending message 112 to peer 0x5b73f8ce4030 (13 bytes)
1736348369.170981 sending message 112 to peer 0x5b73f8ce4030 (6 bytes)
1736348369.170996 sending message 112 to peer 0x5b73f8ce4030 (9 bytes)
1736348369.171011 sending message 112 to peer 0x5b73f8ce4030 (15 bytes)
1736348369.171025 sending message 112 to peer 0x5b73f8ce4030 (13 bytes)
1736348369.171040 sending message 112 to peer 0x5b73f8ce4030 (12 bytes)
1736348369.171056 sending message 112 to peer 0x5b73f8ce4030 (8 bytes)
1736348369.171070 sending message 112 to peer 0x5b73f8ce4030 (14 bytes)
1736348369.171085 sending message 112 to peer 0x5b73f8ce4030 (11 bytes)
1736348369.171100 sending message 112 to peer 0x5b73f8ce4030 (9 bytes)
1736348369.171115 sending message 112 to peer 0x5b73f8ce4030 (10 bytes)
1736348369.171130 sending message 112 to peer 0x5b73f8ce4030 (10 bytes)
1736348369.171172 sending message 112 to peer 0x5b73f8ce4030 (10 bytes)
1736348369.171188 sending message 112 to peer 0x5b73f8ce4030 (10 bytes)
1736348369.171203 sending message 112 to peer 0x5b73f8ce4030 (11 bytes)
1736348369.171219 sending message 112 to peer 0x5b73f8ce4030 (12 bytes)
1736348369.171234 sending message 112 to peer 0x5b73f8ce4030 (12 bytes)
1736348369.171249 sending message 112 to peer 0x5b73f8ce4030 (12 bytes)
1736348369.171264 sending message 112 to peer 0x5b73f8ce4030 (12 bytes)
1736348369.171279 sending message 112 to peer 0x5b73f8ce4030 (12 bytes)
1736348369.171293 sending message 112 to peer 0x5b73f8ce4030 (11 bytes)
1736348369.171308 sending message 112 to peer 0x5b73f8ce4030 (11 bytes)
1736348369.171323 sending message 112 to peer 0x5b73f8ce4030 (12 bytes)
1736348369.171339 sending message 112 to peer 0x5b73f8ce4030 (12 bytes)
1736348369.171354 sending message 112 to peer 0x5b73f8ce4030 (12 bytes)
1736348369.171369 sending message 112 to peer 0x5b73f8ce4030 (12 bytes)
1736348369.171384 sending message 112 to peer 0x5b73f8ce4030 (12 bytes)
1736348369.171399 sending message 112 to peer 0x5b73f8ce4030 (10 bytes)
1736348369.171414 sending message 112 to peer 0x5b73f8ce4030 (12 bytes)
1736348369.171429 sending message 112 to peer 0x5b73f8ce4030 (13 bytes)
1736348369.171444 sending message 112 to peer 0x5b73f8ce4030 (13 bytes)
1736348369.171459 sending message 112 to peer 0x5b73f8ce4030 (13 bytes)
1736348369.171473 sending message 112 to peer 0x5b73f8ce4030 (13 bytes)
1736348369.171488 sending message 112 to peer 0x5b73f8ce4030 (13 bytes)
1736348369.171518 sending message 112 to peer 0x5b73f8ce4030 (8 bytes)
1736348369.171542 sending message 112 to peer 0x5b73f8ce4030 (11 bytes)
1736348369.171557 sending message 112 to peer 0x5b73f8ce4030 (11 bytes)
1736348369.171572 sending message 112 to peer 0x5b73f8ce4030 (11 bytes)
1736348369.171587 sending message 112 to peer 0x5b73f8ce4030 (12 bytes)
1736348369.171602 sending message 112 to peer 0x5b73f8ce4030 (12 bytes)
1736348369.171617 sending message 112 to peer 0x5b73f8ce4030 (12 bytes)
1736348369.171632 sending message 112 to peer 0x5b73f8ce4030 (12 bytes)
1736348369.171647 sending message 112 to peer 0x5b73f8ce4030 (13 bytes)
1736348369.171662 sending message 112 to peer 0x5b73f8ce4030 (13 bytes)
1736348369.171677 sending message 112 to peer 0x5b73f8ce4030 (13 bytes)
1736348369.171692 sending message 112 to peer 0x5b73f8ce4030 (8 bytes)
1736348369.171707 sending message 112 to peer 0x5b73f8ce4030 (13 bytes)
1736348369.171722 sending message 112 to peer 0x5b73f8ce4030 (13 bytes)
1736348369.171737 sending message 112 to peer 0x5b73f8ce4030 (13 bytes)
1736348369.171752 sending message 112 to peer 0x5b73f8ce4030 (13 bytes)
1736348369.171766 sending message 112 to peer 0x5b73f8ce4030 (13 bytes)
1736348369.171782 sending message 112 to peer 0x5b73f8ce4030 (12 bytes)
1736348369.171797 sending message 112 to peer 0x5b73f8ce4030 (12 bytes)
1736348369.171812 sending message 112 to peer 0x5b73f8ce4030 (12 bytes)
1736348369.171827 sending message 112 to peer 0x5b73f8ce4030 (12 bytes)
1736348369.171842 sending message 112 to peer 0x5b73f8ce4030 (13 bytes)
1736348369.171857 sending message 112 to peer 0x5b73f8ce4030 (8 bytes)
1736348369.171872 sending message 112 to peer 0x5b73f8ce4030 (13 bytes)
1736348369.171886 sending message 112 to peer 0x5b73f8ce4030 (13 bytes)
1736348369.171902 sending message 112 to peer 0x5b73f8ce4030 (13 bytes)
1736348369.171917 sending message 112 to peer 0x5b73f8ce4030 (13 bytes)
1736348369.171931 sending message 112 to peer 0x5b73f8ce4030 (13 bytes)
1736348369.171946 sending message 112 to peer 0x5b73f8ce4030 (13 bytes)
1736348369.171961 sending message 112 to peer 0x5b73f8ce4030 (13 bytes)
1736348369.171976 sending message 112 to peer 0x5b73f8ce4030 (12 bytes)
1736348369.171991 sending message 112 to peer 0x5b73f8ce4030 (12 bytes)
1736348369.172006 sending message 112 to peer 0x5b73f8ce4030 (12 bytes)
1736348369.172021 sending message 112 to peer 0x5b73f8ce4030 (8 bytes)
1736348369.172036 sending message 112 to peer 0x5b73f8ce4030 (12 bytes)
1736348369.172064 sending message 112 to peer 0x5b73f8ce4030 (13 bytes)
1736348369.172080 sending message 112 to peer 0x5b73f8ce4030 (13 bytes)
1736348369.172095 sending message 112 to peer 0x5b73f8ce4030 (13 bytes)
1736348369.172111 sending message 112 to peer 0x5b73f8ce4030 (13 bytes)
1736348369.172125 sending message 112 to peer 0x5b73f8ce4030 (13 bytes)
1736348369.172140 sending message 112 to peer 0x5b73f8ce4030 (13 bytes)
1736348369.172155 sending message 112 to peer 0x5b73f8ce4030 (13 bytes)
1736348369.172169 sending message 112 to peer 0x5b73f8ce4030 (13 bytes)
1736348369.172183 sending message 112 to peer 0x5b73f8ce4030 (12 bytes)
1736348369.172196 sending message 112 to peer 0x5b73f8ce4030 (10 bytes)
1736348369.172211 sending message 112 to peer 0x5b73f8ce4030 (12 bytes)
1736348369.172226 sending message 112 to peer 0x5b73f8ce4030 (12 bytes)
1736348369.172241 sending message 112 to peer 0x5b73f8ce4030 (12 bytes)
1736348369.172256 sending message 112 to peer 0x5b73f8ce4030 (13 bytes)
1736348369.172270 sending message 112 to peer 0x5b73f8ce4030 (13 bytes)
1736348369.172284 sending message 112 to peer 0x5b73f8ce4030 (13 bytes)
1736348369.172298 sending message 112 to peer 0x5b73f8ce4030 (13 bytes)
1736348369.172322 sending message 112 to peer 0x5b73f8ce4030 (13 bytes)
1736348369.172337 sending message 112 to peer 0x5b73f8ce4030 (13 bytes)
1736348369.172352 sending message 112 to peer 0x5b73f8ce4030 (13 bytes)
1736348369.172367 sending message 112 to peer 0x5b73f8ce4030 (10 bytes)
1736348369.172383 sending message 112 to peer 0x5b73f8ce4030 (13 bytes)
1736348369.172397 sending message 112 to peer 0x5b73f8ce4030 (12 bytes)
1736348369.172412 sending message 112 to peer 0x5b73f8ce4030 (12 bytes)
1736348369.172427 sending message 112 to peer 0x5b73f8ce4030 (12 bytes)
1736348369.172442 sending message 112 to peer 0x5b73f8ce4030 (10 bytes)
1736348369.172457 sending message 112 to peer 0x5b73f8ce4030 (10 bytes)
1736348369.172472 sending message 112 to peer 0x5b73f8ce4030 (10 bytes)
1736348369.172487 sending message 112 to peer 0x5b73f8ce4030 (12 bytes)
1736348369.172519 sending message 112 to peer 0x5b73f8ce4030 (13 bytes)
1736348369.172542 sending message 112 to peer 0x5b73f8ce4030 (13 bytes)
1736348369.172557 sending message 112 to peer 0x5b73f8ce4030 (13 bytes)
1736348369.172572 sending message 112 to peer 0x5b73f8ce4030 (13 bytes)
1736348369.172588 sending message 112 to peer 0x5b73f8ce4030 (13 bytes)
1736348369.172603 sending message 112 to peer 0x5b73f8ce4030 (11 bytes)
1736348369.172618 sending message 112 to peer 0x5b73f8ce4030 (11 bytes)
1736348369.172633 sending message 112 to peer 0x5b73f8ce4030 (12 bytes)
1736348369.172649 sending message 112 to peer 0x5b73f8ce4030 (12 bytes)
1736348369.172664 sending message 112 to peer 0x5b73f8ce4030 (12 bytes)
1736348369.172680 sending message 112 to peer 0x5b73f8ce4030 (12 bytes)
1736348369.172694 sending message 112 to peer 0x5b73f8ce4030 (12 bytes)
1736348369.172710 sending message 112 to peer 0x5b73f8ce4030 (11 bytes)
1736348369.172725 sending message 112 to peer 0x5b73f8ce4030 (12 bytes)
1736348369.172740 sending message 112 to peer 0x5b73f8ce4030 (12 bytes)
1736348369.172755 sending message 112 to peer 0x5b73f8ce4030 (13 bytes)
1736348369.172770 sending message 112 to peer 0x5b73f8ce4030 (13 bytes)
1736348369.172785 sending message 112 to peer 0x5b73f8ce4030 (13 bytes)
1736348369.172800 sending message 112 to peer 0x5b73f8ce4030 (13 bytes)
1736348369.172815 sending message 112 to peer 0x5b73f8ce4030 (13 bytes)
1736348369.172830 sending message 112 to peer 0x5b73f8ce4030 (10 bytes)
1736348369.172845 sending message 112 to peer 0x5b73f8ce4030 (9 bytes)
1736348369.172860 sending message 112 to peer 0x5b73f8ce4030 (12 bytes)
1736348369.172875 sending message 112 to peer 0x5b73f8ce4030 (13 bytes)
1736348369.172891 sending message 112 to peer 0x5b73f8ce4030 (13 bytes)
1736348369.172906 sending message 112 to peer 0x5b73f8ce4030 (13 bytes)
1736348369.172921 sending message 112 to peer 0x5b73f8ce4030 (13 bytes)
1736348369.172936 sending message 112 to peer 0x5b73f8ce4030 (13 bytes)
1736348369.172965 sending message 112 to peer 0x5b73f8ce4030 (9 bytes)
1736348369.172981 sending message 112 to peer 0x5b73f8ce4030 (12 bytes)
1736348369.172996 sending message 112 to peer 0x5b73f8ce4030 (13 bytes)
1736348369.173011 sending message 112 to peer 0x5b73f8ce4030 (13 bytes)
1736348369.173026 sending message 112 to peer 0x5b73f8ce4030 (13 bytes)
1736348369.173041 sending message 112 to peer 0x5b73f8ce4030 (13 bytes)
1736348369.173056 sending message 112 to peer 0x5b73f8ce4030 (13 bytes)
1736348369.173072 sending message 112 to peer 0x5b73f8ce4030 (11 bytes)
1736348369.173087 sending message 112 to peer 0x5b73f8ce4030 (12 bytes)
1736348369.173102 sending message 112 to peer 0x5b73f8ce4030 (13 bytes)
1736348369.173116 sending message 112 to peer 0x5b73f8ce4030 (13 bytes)
1736348369.173132 sending message 112 to peer 0x5b73f8ce4030 (13 bytes)
1736348369.173147 sending message 112 to peer 0x5b73f8ce4030 (13 bytes)
1736348369.173162 sending message 112 to peer 0x5b73f8ce4030 (13 bytes)
1736348369.173177 sending message 112 to peer 0x5b73f8ce4030 (11 bytes)
1736348369.173192 sending message 112 to peer 0x5b73f8ce4030 (12 bytes)
1736348369.173207 sending message 112 to peer 0x5b73f8ce4030 (12 bytes)
1736348369.173222 sending message 112 to peer 0x5b73f8ce4030 (12 bytes)
1736348369.173237 sending message 112 to peer 0x5b73f8ce4030 (12 bytes)
1736348369.173252 sending message 112 to peer 0x5b73f8ce4030 (12 bytes)
1736348369.173267 sending message 112 to peer 0x5b73f8ce4030 (21 bytes)
1736348369.173282 sending message 112 to peer 0x5b73f8ce4030 (12 bytes)
1736348369.173298 sending message 112 to peer 0x5b73f8ce4030 (9 bytes)
1736348369.173313 sending message 112 to peer 0x5b73f8ce4030 (6 bytes)
1736348369.173328 sending message 112 to peer 0x5b73f8ce4030 (13 bytes)
1736348369.173344 sending message 112 to peer 0x5b73f8ce4030 (8 bytes)
1736348369.173359 sending message 112 to peer 0x5b73f8ce4030 (15 bytes)
1736348369.173375 sending message 112 to peer 0x5b73f8ce4030 (13 bytes)
1736348369.173390 sending message 112 to peer 0x5b73f8ce4030 (9 bytes)
1736348369.173406 sending message 112 to peer 0x5b73f8ce4030 (70 bytes)
1736348369.173421 sending message 112 to peer 0x5b73f8ce4030 (69 bytes)
1736348369.173436 sending message 112 to peer 0x5b73f8ce4030 (10 bytes)
1736348369.173449 sending message 112 to peer 0x5b73f8ce4030 (10 bytes)
1736348369.173464 sending message 112 to peer 0x5b73f8ce4030 (8 bytes)
1736348369.173479 sending message 112 to peer 0x5b73f8ce4030 (15 bytes)
1736348369.173494 sending message 112 to peer 0x5b73f8ce4030 (13 bytes)
1736348369.173532 sending message 112 to peer 0x5b73f8ce4030 (10 bytes)
1736348369.173547 sending message 112 to peer 0x5b73f8ce4030 (10 bytes)
1736348369.173563 sending message 112 to peer 0x5b73f8ce4030 (17 bytes)
1736348369.173577 sending message 112 to peer 0x5b73f8ce4030 (10 bytes)
1736348369.173593 sending message 112 to peer 0x5b73f8ce4030 (13 bytes)
1736348369.173608 sending message 112 to peer 0x5b73f8ce4030 (9 bytes)
1736348369.173624 sending message 112 to peer 0x5b73f8ce4030 (5 bytes)
1736348369.173639 sending message 112 to peer 0x5b73f8ce4030 (15 bytes)
1736348369.173657 sending message 104 to peer 0x5b73f8ce4030 (0 bytes)
1736348369.173674 sending message 110 to peer 0x5b73f8ce4030 (0 bytes)
1736348369.173692 sending message 107 to peer 0x5b73f8ce4030 (4 bytes)
1736348369.173707 sending message 105 to peer 0x5b73f8ce4030 (16 bytes)
1736348369.173723 sending message 105 to peer 0x5b73f8ce4030 (96 bytes)
1736348369.173738 sending message 105 to peer 0x5b73f8ce4030 (18 bytes)
1736348369.173754 sending message 105 to peer 0x5b73f8ce4030 (19 bytes)
1736348369.173769 sending message 105 to peer 0x5b73f8ce4030 (20 bytes)
1736348369.173785 sending message 105 to peer 0x5b73f8ce4030 (51 bytes)
1736348369.173800 sending message 105 to peer 0x5b73f8ce4030 (62 bytes)
1736348369.173816 sending message 105 to peer 0x5b73f8ce4030 (23 bytes)
1736348369.173831 sending message 105 to peer 0x5b73f8ce4030 (25 bytes)
1736348369.173846 sending message 105 to peer 0x5b73f8ce4030 (44 bytes)
1736348369.173875 sending message 105 to peer 0x5b73f8ce4030 (36 bytes)
1736348369.173891 sending message 105 to peer 0x5b73f8ce4030 (41 bytes)
1736348369.173906 sending message 105 to peer 0x5b73f8ce4030 (41 bytes)
1736348369.173922 sending message 105 to peer 0x5b73f8ce4030 (51 bytes)
1736348369.173937 sending message 105 to peer 0x5b73f8ce4030 (20 bytes)
1736348369.173952 sending message 105 to peer 0x5b73f8ce4030 (29 bytes)
1736348369.173967 sending message 105 to peer 0x5b73f8ce4030 (28 bytes)
1736348369.173983 sending message 105 to peer 0x5b73f8ce4030 (38 bytes)
1736348369.173997 sending message 105 to peer 0x5b73f8ce4030 (33 bytes)
1736348369.174013 sending message 105 to peer 0x5b73f8ce4030 (15 bytes)
1736348369.174027 sending message 105 to peer 0x5b73f8ce4030 (21 bytes)
1736348369.174043 sending message 105 to peer 0x5b73f8ce4030 (52 bytes)
1736348369.174058 sending message 105 to peer 0x5b73f8ce4030 (22 bytes)
1736348369.174073 sending message 105 to peer 0x5b73f8ce4030 (41 bytes)
1736348369.174087 sending message 105 to peer 0x5b73f8ce4030 (13 bytes)
1736348369.174100 sending message 105 to peer 0x5b73f8ce4030 (18 bytes)
1736348369.174115 sending message 105 to peer 0x5b73f8ce4030 (16 bytes)
1736348369.174130 sending message 105 to peer 0x5b73f8ce4030 (18 bytes)
1736348369.174144 sending message 105 to peer 0x5b73f8ce4030 (17 bytes)
1736348369.174159 sending message 105 to peer 0x5b73f8ce4030 (1817 bytes)
1736348369.174202 sending message 105 to peer 0x5b73f8ce4030 (51 bytes)
1736348369.174218 sending message 105 to peer 0x5b73f8ce4030 (133 bytes)
1736348369.174231 sending message 105 to peer 0x5b73f8ce4030 (56 bytes)
1736348369.174245 sending message 105 to peer 0x5b73f8ce4030 (47 bytes)
1736348369.174260 sending message 105 to peer 0x5b73f8ce4030 (16 bytes)
1736348369.174275 sending message 105 to peer 0x5b73f8ce4030 (55 bytes)
1736348369.174290 sending message 105 to peer 0x5b73f8ce4030 (26 bytes)
1736348369.174305 sending message 105 to peer 0x5b73f8ce4030 (34 bytes)
1736348369.174320 sending message 105 to peer 0x5b73f8ce4030 (23 bytes)
1736348369.174336 sending message 105 to peer 0x5b73f8ce4030 (19 bytes)
1736348369.174351 sending message 105 to peer 0x5b73f8ce4030 (32 bytes)
1736348369.174366 sending message 105 to peer 0x5b73f8ce4030 (12 bytes)
1736348369.174380 sending message 105 to peer 0x5b73f8ce4030 (13 bytes)
1736348369.174396 sending message 105 to peer 0x5b73f8ce4030 (11 bytes)
1736348369.174410 sending message 105 to peer 0x5b73f8ce4030 (8 bytes)
1736348369.174426 sending message 105 to peer 0x5b73f8ce4030 (14 bytes)
1736348369.174440 sending message 105 to peer 0x5b73f8ce4030 (35 bytes)
1736348369.174456 sending message 105 to peer 0x5b73f8ce4030 (18 bytes)
1736348369.174470 sending message 105 to peer 0x5b73f8ce4030 (16 bytes)
1736348369.174486 sending message 105 to peer 0x5b73f8ce4030 (31 bytes)
1736348369.174515 sending message 105 to peer 0x5b73f8ce4030 (47 bytes)
1736348369.174540 sending message 105 to peer 0x5b73f8ce4030 (23 bytes)
1736348369.174556 sending message 105 to peer 0x5b73f8ce4030 (108 bytes)
1736348369.174571 sending message 105 to peer 0x5b73f8ce4030 (435 bytes)
1736348369.174586 sending message 105 to peer 0x5b73f8ce4030 (38 bytes)
1736348369.174602 sending message 105 to peer 0x5b73f8ce4030 (24 bytes)
1736348369.174617 sending message 105 to peer 0x5b73f8ce4030 (54 bytes)
1736348369.174632 sending message 105 to peer 0x5b73f8ce4030 (53 bytes)
1736348369.174647 sending message 105 to peer 0x5b73f8ce4030 (29 bytes)
1736348369.174663 sending message 105 to peer 0x5b73f8ce4030 (33 bytes)
1736348369.174678 sending message 105 to peer 0x5b73f8ce4030 (18 bytes)
1736348369.174693 sending message 105 to peer 0x5b73f8ce4030 (16 bytes)
1736348369.174707 sending message 106 to peer 0x5b73f8ce4030 (0 bytes)
1736348369.174841 sending message 200 to peer 0x5b73f8ce4030 (4 bytes)
1736348369.174860 client loop enter
1736348369.175654 peer 0x5b73f8ce4030 message 303
1736348369.175685 open write file 2 -
1736348369.175712 sending message 305 to peer 0x5b73f8ce4030 (8 bytes)
1736348369.175757 write check file 2
1736348369.176016 peer 0x5b73f8ce4030 message 304
1736348369.176033 write 58 to file 2
1736348369.176050 peer 0x5b73f8ce4030 message 203
1736348369.176063 file 2 58 bytes left
1736348369.176100 write check file 2
1736348369.176115 client loop exit
